<?xml version="1.0" ?>
<testsuite name="WebTests-20210218215056" tests="3" time="60.333" failures="0" errors="0">
	<testcase classname="WebTests" name="test_1_open_amazon_and_fetch_results" time="27.827"/>
	<testcase classname="WebTests" name="test_2_open_ebay_and_fetch_results" time="32.506"/>
	<testcase classname="WebTests" name="test_3_combine_the_results" time="0.000"/>
	<system-out><![CDATA[Init - Setting up web browser
TestCase: 1 - Open Amazon and fetch results for Iphone 11
Passed -  Found the required product
829.95
TestCase: 2 - Open Ebay and fetch results for Iphone 11
Passed -  Found the required product
680.0
TestCase: 3 - Fetch values from Global and handle data
Amazon: 829.95
Ebay: 680.0
TearDown - End of Test Scenario
]]></system-out>
	<system-err><![CDATA[]]></system-err>
</testsuite>
