<?xml version="1.0" ?>
<testsuite name="WebTests-20210218204824" tests="1" time="30.658" failures="0" errors="0">
	<testcase classname="WebTests" name="test_1_open_amazon_and_fetch_results" time="30.658"/>
	<system-out><![CDATA[Init - Setting up web browser
TestCase: 1 - Open Amazon and fetch results for Iphone 11
$569.95
TearDown - End of Test Scenario
]]></system-out>
	<system-err><![CDATA[]]></system-err>
</testsuite>
