<?xml version="1.0" ?>
<testsuite name="WebTests-20210218031810" tests="1" time="5.568" failures="0" errors="0">
	<testcase classname="WebTests" name="test_1_api_create_project" time="5.568"/>
	<system-out><![CDATA[Init - Setting up web browser
TestCase: 1 - Verify that project can be created via API
TearDown - End of Test Scenario
]]></system-out>
	<system-err><![CDATA[]]></system-err>
</testsuite>
