<?xml version="1.0" ?>
<testsuite name="WebTests-20210218183308" tests="3" time="25.361" failures="0" errors="0">
	<testcase classname="WebTests" name="test_1_open_amazon_and_fetch_results" time="20.457"/>
	<testcase classname="WebTests" name="test_2_open_ebay_and_fetch_results" time="4.904"/>
	<testcase classname="WebTests" name="test_3_combine_the_results" time="0.000"/>
	<system-out><![CDATA[Init - Setting up web browser
TestCase: 1 - Open Amazon and fetch results for Iphone 11
Apple iPhone 11, 64GB, Green - for Verizon (Renewed)
TestCase: 2 - Open Ebay and fetch results for Iphone 11
TestCase: 3 - Fetch values from Global and handle data
TearDown - End of Test Scenario
]]></system-out>
	<system-err><![CDATA[]]></system-err>
</testsuite>
