<?xml version="1.0" ?>
<testsuite name="WebTests-20210218212455" tests="2" time="19.158" failures="0" errors="0">
	<testcase classname="WebTests" name="test_1_open_amazon_and_fetch_results" time="16.637"/>
	<testcase classname="WebTests" name="test_2_open_ebay_and_fetch_results" time="2.521"/>
	<system-out><![CDATA[Init - Setting up web browser
TestCase: 1 - Open Amazon and fetch results for Iphone 11
599.95
TestCase: 2 - Open Ebay and fetch results for Iphone 11
599.95
TearDown - End of Test Scenario
]]></system-out>
	<system-err><![CDATA[]]></system-err>
</testsuite>
