<?xml version="1.0" ?>
<testsuite name="WebTests-20210218183430" tests="3" time="22.346" failures="0" errors="0">
	<testcase classname="WebTests" name="test_1_open_amazon_and_fetch_results" time="19.432"/>
	<testcase classname="WebTests" name="test_2_open_ebay_and_fetch_results" time="2.914"/>
	<testcase classname="WebTests" name="test_3_combine_the_results" time="0.000"/>
	<system-out><![CDATA[Init - Setting up web browser
TestCase: 1 - Open Amazon and fetch results for Iphone 11
https://www.amazon.com/Apple-iPhone-11-64GB-Red/dp/B084GYQ983/ref=sr_1_4?dchild=1&keywords=Apple+iPhone+11%2C+64GB&qid=1613644481&sr=8-4
TestCase: 2 - Open Ebay and fetch results for Iphone 11
TestCase: 3 - Fetch values from Global and handle data
TearDown - End of Test Scenario
]]></system-out>
	<system-err><![CDATA[]]></system-err>
</testsuite>
